TN:
SF:shouse_b/src/main.rs
FN:1,shouse_b::main
FN:1,shouse_b::main
FNDA:0,shouse_b::main
FNDA:1,shouse_b::main
FNF:2
FNH:1
BRF:0
BRH:0
DA:1,1
DA:2,0
DA:3,0
DA:4,0
LF:4
LH:1
end_of_record
SF:lib_shouse/src/lib.rs
FN:1,lib_shouse::main
FN:4,lib_shouse::add
FNDA:1,lib_shouse::main
FNDA:0,lib_shouse::add
FNF:2
FNH:1
BRF:0
BRH:0
DA:1,1
DA:4,0
DA:5,0
DA:6,0
LF:4
LH:1
end_of_record
SF:lib_shouse/src/home/home.rs
FN:319,lib_shouse::home::home::smart_house::testing_house::test_whether_dev_in_room
FN:334,lib_shouse::home::home::smart_house::testing_house::test_whether_dev_dev_n_exists
FN:73,<lib_shouse::home::home::smart_house::Shouse>::append_room
FN:8,<lib_shouse::home::home::smart_house::ErrorC as core::fmt::Display>::fmt
FN:53,<lib_shouse::home::home::smart_house::Shouse>::test_whether_room_exits
FN:292,lib_shouse::home::home::smart_house::testing_house::room_testing_exists_ok
FN:231,<lib_shouse::home::home::smart_house::GenericDevice>::new
FN:283,lib_shouse::home::home::smart_house::testing_house::existing_append::{closure#0}
FN:291,lib_shouse::home::home::smart_house::testing_house::room_testing_exists_ok::{closure#0}
FN:212,<lib_shouse::home::home::smart_house::Room>::new_room
FN:8,<lib_shouse::home::home::smart_house::ErrorC as core::clone::Clone>::clone
FN:238,<lib_shouse::home::home::smart_house::GenericDevice>::change_internals
FN:407,lib_shouse::home::home::smart_house::testing_house::test_err_report::{closure#0}
FN:318,lib_shouse::home::home::smart_house::testing_house::test_whether_dev_in_room::{closure#0}
FN:375,lib_shouse::home::home::smart_house::testing_house::test_multi_append::{closure#0}
FN:390,lib_shouse::home::home::smart_house::testing_house::test_report
FN:252,<lib_shouse::home::home::smart_house::GenericDevice as lib_shouse::home::home::smart_house::Device>::change_device_properties
FN:41,<lib_shouse::home::home::smart_house::Shouse>::create_new_home
FN:347,lib_shouse::home::home::smart_house::testing_house::test_test_dev_append_dev_exists
FN:418,lib_shouse::home::home::smart_house::testing_house::test_dev_states
FN:376,lib_shouse::home::home::smart_house::testing_house::test_multi_append
FN:8,<lib_shouse::home::home::smart_house::ErrorC as core::fmt::Debug>::fmt
FN:273,<lib_shouse::home::home::smart_house::Room as lib_shouse::home::home::smart_house::Roomz>::get_devices_ref
FN:183,<lib_shouse::home::home::smart_house::Shouse>::append_dev_to_a_room
FN:333,lib_shouse::home::home::smart_house::testing_house::test_whether_dev_dev_n_exists::{closure#0}
FN:246,<lib_shouse::home::home::smart_house::GenericDevice as lib_shouse::home::home::smart_house::Device>::get_dev_name
FN:249,<lib_shouse::home::home::smart_house::GenericDevice as lib_shouse::home::home::smart_house::Device>::get_dev_state
FN:269,<lib_shouse::home::home::smart_house::Room as lib_shouse::home::home::smart_house::Roomz>::get_name
FN:308,lib_shouse::home::home::smart_house::testing_house::add_multiple_device::{closure#0}
FN:57,<lib_shouse::home::home::smart_house::Shouse>::test_whether_room_exits::{closure#1}
FN:356,lib_shouse::home::home::smart_house::testing_house::test_test_dev_append_dev
FN:94,<lib_shouse::home::home::smart_house::Shouse>::test_whether_dev_in_room_exists
FN:355,lib_shouse::home::home::smart_house::testing_house::test_test_dev_append_dev::{closure#0}
FN:140,<lib_shouse::home::home::smart_house::Shouse>::create_report
FN:299,lib_shouse::home::home::smart_house::testing_house::add_device_to_n_exists_room::{closure#0}
FN:417,lib_shouse::home::home::smart_house::testing_house::test_dev_states::{closure#0}
FN:309,lib_shouse::home::home::smart_house::testing_house::add_multiple_device
FN:345,lib_shouse::home::home::smart_house::testing_house::test_test_dev_append_dev_exists::{closure#0}
FN:28,lib_shouse::home::home::smart_house::run_me
FN:389,lib_shouse::home::home::smart_house::testing_house::test_report::{closure#0}
FN:285,lib_shouse::home::home::smart_house::testing_house::existing_append
FN:54,<lib_shouse::home::home::smart_house::Shouse>::test_whether_room_exits::{closure#0}
FN:408,lib_shouse::home::home::smart_house::testing_house::test_err_report
FN:301,lib_shouse::home::home::smart_house::testing_house::add_device_to_n_exists_room
FN:116,<lib_shouse::home::home::smart_house::Shouse>::print_dev_in_rooms
FNDA:1,lib_shouse::home::home::smart_house::testing_house::test_whether_dev_in_room
FNDA:1,lib_shouse::home::home::smart_house::testing_house::test_whether_dev_dev_n_exists
FNDA:1,<lib_shouse::home::home::smart_house::Shouse>::append_room
FNDA:0,<lib_shouse::home::home::smart_house::ErrorC as core::fmt::Display>::fmt
FNDA:1,<lib_shouse::home::home::smart_house::Shouse>::test_whether_room_exits
FNDA:1,lib_shouse::home::home::smart_house::testing_house::room_testing_exists_ok
FNDA:1,<lib_shouse::home::home::smart_house::GenericDevice>::new
FNDA:1,lib_shouse::home::home::smart_house::testing_house::existing_append::{closure#0}
FNDA:1,lib_shouse::home::home::smart_house::testing_house::room_testing_exists_ok::{closure#0}
FNDA:1,<lib_shouse::home::home::smart_house::Room>::new_room
FNDA:0,<lib_shouse::home::home::smart_house::ErrorC as core::clone::Clone>::clone
FNDA:0,<lib_shouse::home::home::smart_house::GenericDevice>::change_internals
FNDA:1,lib_shouse::home::home::smart_house::testing_house::test_err_report::{closure#0}
FNDA:1,lib_shouse::home::home::smart_house::testing_house::test_whether_dev_in_room::{closure#0}
FNDA:1,lib_shouse::home::home::smart_house::testing_house::test_multi_append::{closure#0}
FNDA:1,lib_shouse::home::home::smart_house::testing_house::test_report
FNDA:0,<lib_shouse::home::home::smart_house::GenericDevice as lib_shouse::home::home::smart_house::Device>::change_device_properties
FNDA:1,<lib_shouse::home::home::smart_house::Shouse>::create_new_home
FNDA:1,lib_shouse::home::home::smart_house::testing_house::test_test_dev_append_dev_exists
FNDA:1,lib_shouse::home::home::smart_house::testing_house::test_dev_states
FNDA:1,lib_shouse::home::home::smart_house::testing_house::test_multi_append
FNDA:0,<lib_shouse::home::home::smart_house::ErrorC as core::fmt::Debug>::fmt
FNDA:1,<lib_shouse::home::home::smart_house::Room as lib_shouse::home::home::smart_house::Roomz>::get_devices_ref
FNDA:1,<lib_shouse::home::home::smart_house::Shouse>::append_dev_to_a_room
FNDA:1,lib_shouse::home::home::smart_house::testing_house::test_whether_dev_dev_n_exists::{closure#0}
FNDA:1,<lib_shouse::home::home::smart_house::GenericDevice as lib_shouse::home::home::smart_house::Device>::get_dev_name
FNDA:0,<lib_shouse::home::home::smart_house::GenericDevice as lib_shouse::home::home::smart_house::Device>::get_dev_state
FNDA:1,<lib_shouse::home::home::smart_house::Room as lib_shouse::home::home::smart_house::Roomz>::get_name
FNDA:1,lib_shouse::home::home::smart_house::testing_house::add_multiple_device::{closure#0}
FNDA:1,<lib_shouse::home::home::smart_house::Shouse>::test_whether_room_exits::{closure#1}
FNDA:1,lib_shouse::home::home::smart_house::testing_house::test_test_dev_append_dev
FNDA:1,<lib_shouse::home::home::smart_house::Shouse>::test_whether_dev_in_room_exists
FNDA:1,lib_shouse::home::home::smart_house::testing_house::test_test_dev_append_dev::{closure#0}
FNDA:1,<lib_shouse::home::home::smart_house::Shouse>::create_report
FNDA:1,lib_shouse::home::home::smart_house::testing_house::add_device_to_n_exists_room::{closure#0}
FNDA:1,lib_shouse::home::home::smart_house::testing_house::test_dev_states::{closure#0}
FNDA:1,lib_shouse::home::home::smart_house::testing_house::add_multiple_device
FNDA:1,lib_shouse::home::home::smart_house::testing_house::test_test_dev_append_dev_exists::{closure#0}
FNDA:0,lib_shouse::home::home::smart_house::run_me
FNDA:1,lib_shouse::home::home::smart_house::testing_house::test_report::{closure#0}
FNDA:1,lib_shouse::home::home::smart_house::testing_house::existing_append
FNDA:1,<lib_shouse::home::home::smart_house::Shouse>::test_whether_room_exits::{closure#0}
FNDA:1,lib_shouse::home::home::smart_house::testing_house::test_err_report
FNDA:1,lib_shouse::home::home::smart_house::testing_house::add_device_to_n_exists_room
FNDA:0,<lib_shouse::home::home::smart_house::Shouse>::print_dev_in_rooms
FNF:45
FNH:37
BRF:0
BRH:0
DA:8,0
DA:28,0
DA:29,0
DA:30,0
DA:41,12
DA:42,12
DA:43,12
DA:44,12
DA:45,12
DA:53,66
DA:54,66
DA:55,53
DA:56,53
DA:57,65
DA:59,13
DA:61,66
DA:73,14
DA:74,14
DA:75,13
DA:76,13
DA:78,1
DA:80,14
DA:94,28
DA:96,28
DA:97,28
DA:98,28
DA:99,28
DA:100,28
DA:101,28
DA:102,28
DA:103,28
DA:105,24
DA:106,24
DA:107,7
DA:108,17
DA:110,21
DA:112,0
DA:114,28
DA:116,0
DA:117,0
DA:118,0
DA:119,0
DA:120,0
DA:140,4
DA:141,4
DA:142,4
DA:143,4
DA:144,4
DA:145,4
DA:146,0
DA:148,4
DA:149,4
DA:150,4
DA:152,3
DA:153,3
DA:154,3
DA:155,3
DA:156,3
DA:157,3
DA:158,3
DA:159,3
DA:160,3
DA:161,3
DA:162,3
DA:164,1
DA:167,4
DA:183,20
DA:185,19
DA:186,19
DA:187,19
DA:190,1
DA:193,18
DA:194,18
DA:195,18
DA:196,18
DA:197,18
DA:198,18
DA:199,18
DA:202,1
DA:204,20
DA:212,15
DA:213,15
DA:214,15
DA:215,15
DA:216,15
DA:217,15
DA:231,20
DA:232,20
DA:233,20
DA:234,20
DA:235,20
DA:236,20
DA:237,20
DA:238,0
DA:239,0
DA:240,0
DA:241,0
DA:246,76
DA:247,76
DA:248,76
DA:249,0
DA:250,0
DA:251,0
DA:252,0
DA:253,0
DA:254,0
DA:269,269
DA:270,269
DA:271,269
DA:273,46
DA:274,46
DA:275,46
DA:283,1
DA:285,1
DA:286,1
DA:287,1
DA:288,1
DA:289,1
DA:290,0
DA:291,1
DA:292,1
DA:293,1
DA:294,1
DA:295,1
DA:296,1
DA:298,1
DA:299,1
DA:301,1
DA:302,1
DA:303,1
DA:304,1
DA:305,1
DA:306,1
DA:307,0
DA:308,1
DA:309,1
DA:310,1
DA:311,1
DA:312,1
DA:313,1
DA:314,1
DA:315,1
DA:316,1
DA:317,1
DA:318,1
DA:319,1
DA:320,1
DA:321,1
DA:322,1
DA:323,1
DA:324,1
DA:325,1
DA:326,1
DA:327,1
DA:328,1
DA:329,1
DA:330,1
DA:331,1
DA:332,1
DA:333,1
DA:334,1
DA:335,1
DA:336,1
DA:337,1
DA:338,1
DA:339,1
DA:340,1
DA:341,1
DA:342,1
DA:343,1
DA:344,1
DA:345,1
DA:347,1
DA:348,1
DA:349,1
DA:350,1
DA:351,1
DA:352,1
DA:353,1
DA:354,0
DA:355,1
DA:356,1
DA:357,1
DA:358,1
DA:359,1
DA:360,1
DA:361,1
DA:362,1
DA:363,1
DA:364,1
DA:365,1
DA:366,1
DA:367,1
DA:368,1
DA:369,1
DA:370,1
DA:371,1
DA:372,1
DA:373,1
DA:374,1
DA:375,1
DA:376,1
DA:377,1
DA:378,1
DA:379,1
DA:380,1
DA:381,1
DA:382,1
DA:383,1
DA:384,1
DA:385,1
DA:386,1
DA:387,1
DA:388,1
DA:389,1
DA:390,1
DA:391,1
DA:392,1
DA:393,1
DA:394,1
DA:395,1
DA:396,1
DA:397,1
DA:398,1
DA:399,1
DA:400,1
DA:401,1
DA:402,1
DA:403,1
DA:404,1
DA:405,1
DA:407,1
DA:408,1
DA:409,1
DA:410,1
DA:411,1
DA:412,1
DA:413,1
DA:414,1
DA:415,1
DA:416,1
DA:417,1
DA:418,1
DA:419,1
DA:420,1
DA:421,1
DA:422,1
DA:423,1
DA:424,1
DA:425,1
DA:426,1
DA:427,1
DA:428,1
DA:429,1
DA:430,1
DA:431,1
DA:432,1
DA:433,1
DA:435,1
DA:436,1
LF:260
LH:236
end_of_record
